C51 COMPILER V8.16   MAIN                                                                  06/10/2017 15:19:03 PAGE 1   


C51 COMPILER V8.16, COMPILATION OF MODULE MAIN
OBJECT MODULE PLACED IN main.OBJ
COMPILER INVOKED BY: C:\Keil\C51\BIN\C51.EXE main.c BROWSE DEBUG OBJECTEXTEND

line level    source

   1          #include <REGX51.H>
   2          sbit rs = P2^4;
   3          sbit en = P2^5;
   4          #define lcdport P0
   5          sbit R1=P1^0;
   6          sbit R2=P1^1;
   7          sbit R3=P1^2;
   8          sbit R4=P1^3;
   9          sbit C1=P1^5;
  10          sbit C2=P1^6;
  11          sbit C3=P1^7;
  12          
  13          int keycheck(); //It returns a character which is send to lcd data
  14          
  15          unsigned char  keych;    //because character need to be shown
  16          void lcd_init();
  17          void lcd_data(unsigned char dat);
  18          void lcd_command(unsigned char comd);
  19          void delay(int);
  20          void lcd_string(unsigned char *s);
  21          void keyaction(int);
  22            unsigned int keyno, key, flag=1;
  23          void num_of_press(int); 
  24          //int counter(int);
  25          int prev=100, count=0, count1=0;
  26          void print_it(int key);
  27          void key1();
  28          void key2();
  29          void key3();
  30          void key4();
  31          void key5();
  32          void key6();
  33          void key7();
  34          void key8();
  35          void key9();
  36          void key10();
  37          void key11();
  38          void key12();
  39          
  40          
  41          
  42          void main()
  43          {
  44   1      
  45   1      lcd_init();
  46   1      
  47   1      
  48   1      while(1){
  49   2      
  50   2              key=keycheck();                  //Call to return which key was pressed
  51   2              keyaction(key);
  52   2      
  53   2      }
  54   1      }
  55          
C51 COMPILER V8.16   MAIN                                                                  06/10/2017 15:19:03 PAGE 2   

  56          
  57          void lcd_init()                 //To initialize working of lcd
  58          {
  59   1      lcd_command(0x02);                // Cursor at home
  60   1      delay(15000);
  61   1      
  62   1      lcd_command(0x28);               //Function Set to 4 bit data bus
  63   1      delay(40);
  64   1      
  65   1      lcd_command(0x06);                //Entry Mode set increament/no shift
  66   1      delay(40);
  67   1      
  68   1      lcd_command(0x0f);                //Display on,cursor displayed,blinks
  69   1      delay(40);
  70   1      
  71   1      lcd_command(0x01);                //Clears all display and returns cursor to home(address 0)
  72   1      delay(16500);
  73   1      }
  74          
  75          
  76          void lcd_command(unsigned char comd)      //To send commands using 4 bit bus
  77          {
  78   1      rs=0;                                                                     //register select is low which implies command
  79   1      
  80   1      lcdport=(comd&0xf0);                                       //Most Significant 4 bits are send to microcontroller first
  81   1      en=1;                                                                      //when enable drops from high to low, bit is transferred to controller
  82   1      delay(1000);
  83   1      en=0;
  84   1                                                                                              //Nest LSB's are transferred
  85   1      lcdport=(comd<<4);
  86   1      en=1;
  87   1      delay(1000);
  88   1      en=0;
  89   1      
  90   1      }
  91          
  92          void lcd_data(unsigned char dat)                //To send data to lcd
  93          {
  94   1      rs=1;                                                                   //rs high implies read or write, we perform only write as we keep R/W pin grounded
  95   1      
  96   1      lcdport=(dat&0xf0);
  97   1      en=1;
  98   1      delay(1000);
  99   1      en=0;
 100   1      
 101   1      lcdport=(dat<<4);
 102   1      en=1;
 103   1      delay(1000);
 104   1      en=0;
 105   1      
 106   1      }
 107          
 108          
 109                                                                                     
 110          void delay(int t)                                          //To delay
 111          {
 112   1              int i;
 113   1              for(i=0;i<t;i++);
 114   1      }
 115          
 116          int keycheck()
 117          {
C51 COMPILER V8.16   MAIN                                                                  06/10/2017 15:19:03 PAGE 3   

 118   1              flag=1;
 119   1        C1=1;
 120   1        C2=1;
 121   1        C3=1;
 122   1         keyno=100;
 123   1        C1=0;
 124   1         if(R1==0)
 125   1        {
 126   2              keyno=1;
 127   2              delay(10000);
 128   2          
 129   2        }
 130   1         if(R2==0)
 131   1        {
 132   2          keyno=4;
 133   2        }
 134   1              if(R3==0)
 135   1              {
 136   2                      keyno=7;
 137   2              }
 138   1         if(R4==0)
 139   1         {
 140   2              keyno=10;
 141   2         }
 142   1      
 143   1        C1=1;
 144   1        C2=0;
 145   1          if(R1==0)
 146   1        {
 147   2          keyno=2;
 148   2              delay(10000);
 149   2      
 150   2        }
 151   1        if(R2==0)
 152   1        {
 153   2          keyno=5;
 154   2         }
 155   1      
 156   1              if(R3==0)
 157   1              {
 158   2                      keyno=8;
 159   2              }
 160   1         if(R4==0)
 161   1         {
 162   2              keyno=11;
 163   2         }
 164   1        C2=1;
 165   1        C3=0;
 166   1        if(R1==0)
 167   1        {
 168   2          keyno=3;
 169   2        }
 170   1        if(R2==0)
 171   1        {
 172   2          keyno=6;
 173   2              } 
 174   1        if(R3==0)
 175   1        {
 176   2         keyno=9;
 177   2        } 
 178   1              
 179   1         if(R4==0)
C51 COMPILER V8.16   MAIN                                                                  06/10/2017 15:19:03 PAGE 4   

 180   1         {
 181   2              keyno=12;
 182   2         }
 183   1        C3=1;
 184   1      
 185   1        return keyno;
 186   1      }
 187          
 188          void keyaction(int key)
 189          {
 190   1      
 191   1              
 192   1              if(key==100){
 193   2                      flag=1;  }
 194   1              else if(flag==1)
 195   1              {
 196   2                      flag=0;
 197   2                      num_of_press(key);
 198   2              }       
 199   1      }
 200          
 201          
 202          void num_of_press(int key)
 203          {
 204   1              if(key!=100){
 205   2              if(prev==key)
 206   2              {
 207   3                       count++;
 208   3                       lcd_command(0x10);
 209   3                       print_it(key);
 210   3              }
 211   2               else if(prev!=key)
 212   2               {
 213   3                      count=0;
 214   3                      print_it(key);
 215   3                      prev=key;
 216   3               }
 217   2      }
 218   1      }
 219          
 220          void print_it(int key)
 221          {
 222   1              switch(key)
 223   1              {
 224   2                      case 1: key1();
 225   2                                      break;
 226   2                      case 2: key2();
 227   2                                      break;
 228   2                      case 3: key3();
 229   2                                      break;
 230   2                      case 4: key4();
 231   2                                      break;
 232   2                      case 5: key5();
 233   2                                      break;
 234   2                      case 6: key6();
 235   2                                      break;
 236   2                      case 7: key7();
 237   2                                      break;
 238   2                      case 8: key8();
 239   2                                      break;
 240   2                      case 9: key9();
 241   2                                      break;
C51 COMPILER V8.16   MAIN                                                                  06/10/2017 15:19:03 PAGE 5   

 242   2                      case 10: key10();
 243   2                                      break;
 244   2                      case 11: key11();
 245   2                                      break;
 246   2                      case 12: key12();
 247   2                                      break;                                                                                                                                                                                                                                                                                                  
 248   2              default: return;
 249   2              
 250   2              }
 251   1      }
 252          void key1()
 253          {
 254   1              if(count==0)
 255   1              lcd_data('1');
 256   1               
 257   1      }
 258          
 259          void key2()
 260          {
 261   1              count1=count%4;
 262   1              if(count1==0)
 263   1              lcd_data('A');
 264   1              else if(count1==1)
 265   1              lcd_data('B');
 266   1              else if(count1==2)
 267   1              lcd_data('C');
 268   1              else if(count1==3)
 269   1              lcd_data('2'); 
 270   1              
 271   1               
 272   1      }
 273           
 274          void key3()
 275          {
 276   1              count1=count%4;
 277   1              if(count1==0)
 278   1              lcd_data('D');
 279   1              else if(count1==1)
 280   1              lcd_data('E');
 281   1              else if(count1==2)
 282   1              lcd_data('F');
 283   1              else if(count1==3)
 284   1              lcd_data('3'); 
 285   1              
 286   1               
 287   1      }
 288          
 289          void key4()
 290          {
 291   1              count1=count%4;
 292   1              if(count1==0)
 293   1              lcd_data('G');
 294   1              else if(count1==1)
 295   1              lcd_data('H');
 296   1              else if(count1==2)
 297   1              lcd_data('I');
 298   1              else if(count1==3)
 299   1              lcd_data('4'); 
 300   1              
 301   1               
 302   1      }
 303          
C51 COMPILER V8.16   MAIN                                                                  06/10/2017 15:19:03 PAGE 6   

 304          void key5()
 305          {
 306   1              count1=count%4;
 307   1              if(count1==0)
 308   1              lcd_data('J');
 309   1              else if(count1==1)
 310   1              lcd_data('K');
 311   1              else if(count1==2)
 312   1              lcd_data('L');
 313   1              else if(count1==3)
 314   1              lcd_data('5'); 
 315   1              
 316   1               
 317   1      }
 318          
 319          void key6()
 320          {
 321   1              count1=count%4;
 322   1              if(count1==0)
 323   1              lcd_data('M');
 324   1              else if(count1==1)
 325   1              lcd_data('N');
 326   1              else if(count1==2)
 327   1              lcd_data('O');
 328   1              else if(count1==3)
 329   1              lcd_data('6'); 
 330   1              
 331   1               
 332   1      }
 333          
 334          void key7()
 335          {
 336   1              count1=count%5;
 337   1              if(count1==0)
 338   1              lcd_data('P');
 339   1              else if(count1==1)
 340   1              lcd_data('Q');
 341   1              else if(count1==2)
 342   1              lcd_data('R');
 343   1              else if(count1==3)
 344   1              lcd_data('S');
 345   1              else if(count1==5)
 346   1              lcd_data('7'); 
 347   1              
 348   1               
 349   1      }
 350          
 351          void key8()
 352          {
 353   1              count1=count%4;
 354   1              if(count1==0)
 355   1              lcd_data('T');
 356   1              else if(count1==1)
 357   1              lcd_data('U');
 358   1              else if(count1==2)
 359   1              lcd_data('V');
 360   1              else if(count1==3)
 361   1              lcd_data('8'); 
 362   1              
 363   1      }
 364          
 365          void key9()
C51 COMPILER V8.16   MAIN                                                                  06/10/2017 15:19:03 PAGE 7   

 366          {
 367   1              count1=count%5;
 368   1              if(count1==0)
 369   1              lcd_data('W');
 370   1              else if(count1==1)
 371   1              lcd_data('X');
 372   1              else if(count1==2)
 373   1              lcd_data('Y');
 374   1              else if(count1==3)
 375   1              lcd_data('Z');
 376   1              else if(count1==5)
 377   1              lcd_data('9'); 
 378   1      }
 379          
 380          void key10()
 381          {
 382   1      
 383   1              if(count==0);
 384   1              lcd_data('*');
 385   1      }
 386          
 387          void key11()
 388          {
 389   1              if(count==0)
 390   1              lcd_data(' ');
 391   1              else if(count==1)
 392   1              lcd_data('0');
 393   1      }
 394          void key12()
 395          {
 396   1              lcd_data(' ');
 397   1                      
 398   1      }


MODULE INFORMATION:   STATIC OVERLAYABLE
   CODE SIZE        =   1077    ----
   CONSTANT SIZE    =   ----    ----
   XDATA SIZE       =   ----    ----
   PDATA SIZE       =   ----    ----
   DATA SIZE        =     13       4
   IDATA SIZE       =   ----    ----
   BIT SIZE         =   ----    ----
END OF MODULE INFORMATION.


C51 COMPILATION COMPLETE.  0 WARNING(S),  0 ERROR(S)
