C51 COMPILER V8.16   MAIN                                                                  04/22/2017 13:24:11 PAGE 1   


C51 COMPILER V8.16, COMPILATION OF MODULE MAIN
OBJECT MODULE PLACED IN main.OBJ
COMPILER INVOKED BY: C:\Keil\C51\BIN\C51.EXE main.c BROWSE DEBUG OBJECTEXTEND

line level    source

   1          #include <REGX51.H>
   2          
   3          #define LedPort P0
   4          sbit PwrTrans=P1^4;
   5          sbit R1 = P1^0;
   6          sbit R2 = P1^1;
   7          sbit R3 = P1^2;
   8          
   9          sbit C1 = P1^5;
  10          
  11          
  12          int keycheck();
  13          void delay();
  14          void keyaction(int);
  15          static unsigned int keynum, key, flag;
  16          
  17          void main()
  18          {
  19   1      PwrTrans=0;
  20   1      
  21   1        while(1)
  22   1              {
  23   2              key=keycheck();
  24   2              keyaction(key);
  25   2       
  26   2              }
  27   1      
  28   1      }
  29          
  30          int keycheck()
  31          {
  32   1      C1=1;
  33   1      C1=0;
  34   1      if(R2==0)
  35   1      {
  36   2       if(flag==1)
  37   2       { flag=0;
  38   3        keynum++;
  39   3        }
  40   2      }
  41   1      else flag=1;
  42   1      C1=1;
  43   1      if(keynum==5)
  44   1       {keynum=1;
  45   2       }
  46   1      return keynum;
  47   1      
  48   1      }
  49          
  50          void keyaction(int key)
  51          {
  52   1      switch(key)
  53   1       {
  54   2        case 1: LedPort=~0x01;
  55   2            break;
C51 COMPILER V8.16   MAIN                                                                  04/22/2017 13:24:11 PAGE 2   

  56   2         case 2: LedPort=~0x03;
  57   2          break;
  58   2         case 3:LedPort=~0x07;
  59   2          break;
  60   2          case 4:LedPort=~0x0f;
  61   2                      break;
  62   2       }
  63   1      
  64   1      }
  65          


MODULE INFORMATION:   STATIC OVERLAYABLE
   CODE SIZE        =    103    ----
   CONSTANT SIZE    =   ----    ----
   XDATA SIZE       =   ----    ----
   PDATA SIZE       =   ----    ----
   DATA SIZE        =      6    ----
   IDATA SIZE       =   ----    ----
   BIT SIZE         =   ----    ----
END OF MODULE INFORMATION.


C51 COMPILATION COMPLETE.  0 WARNING(S),  0 ERROR(S)
