C51 COMPILER V8.16   MAIN                                                                  04/02/2017 16:48:47 PAGE 1   


C51 COMPILER V8.16, COMPILATION OF MODULE MAIN
OBJECT MODULE PLACED IN main.OBJ
COMPILER INVOKED BY: C:\Keil\C51\BIN\C51.EXE main.c BROWSE DEBUG OBJECTEXTEND

line level    source

   1          //objective: To Converge and diverge
   2          //Name: Dhananjay Aggarwal
   3          //Starting Date:2-4-17
   4          //Cpu Board: Tico Magic
   5          //uc: AT89S52
   6          //Crystal:11.0592
   7          
   8          #include <REGX51.H>
   9          
  10          #define LedPort P0
  11          int a,i,j,b,c;
  12          void delay()
  13          {
  14   1      int x;
  15   1      for(x=0;x<30000;x++);
  16   1      }
  17          
  18          
  19          b=0x00;
  20          c=0x01;
  21          sbit LedPwrTrans=P1^4;
  22          
  23          void main()
  24          {
  25   1      LedPwrTrans=0;
  26   1      while(1)
  27   1       {
  28   2        for(i=8;i>0;i--)
  29   2         {
  30   3         a=0x80;
  31   3           for(j=0;j<i;j++)
  32   3               {
  33   4                 LedPort=~(a|b);
  34   4                 a=a>>1;
  35   4                 delay();
  36   4               }
  37   3               b<<=1;
  38   3               b=b|c;
  39   3      
  40   3         }
  41   2       }
  42   1      
  43   1      
  44   1      }


MODULE INFORMATION:   STATIC OVERLAYABLE
   CODE SIZE        =    125    ----
   CONSTANT SIZE    =   ----    ----
   XDATA SIZE       =   ----    ----
   PDATA SIZE       =   ----    ----
   DATA SIZE        =     10    ----
   IDATA SIZE       =   ----    ----
   BIT SIZE         =   ----    ----
END OF MODULE INFORMATION.

C51 COMPILER V8.16   MAIN                                                                  04/02/2017 16:48:47 PAGE 2   


C51 COMPILATION COMPLETE.  0 WARNING(S),  0 ERROR(S)
