C51 COMPILER V8.16   MAIN                                                                  04/21/2017 19:09:13 PAGE 1   


C51 COMPILER V8.16, COMPILATION OF MODULE MAIN
OBJECT MODULE PLACED IN main.OBJ
COMPILER INVOKED BY: C:\Keil\C51\BIN\C51.EXE main.c BROWSE DEBUG OBJECTEXTEND

line level    source

   1          #include <REGX51.H>
   2          
   3          #define seg_port P0
   4          
   5          sbit Unittr = P2^0;
   6          sbit Tenstr = P2^1;
   7          sbit Hundtr = P2^2;
   8          sbit Thsdtr = P2^3;
   9          
  10          unsigned char Unit=0, Tens=1, Hund=2, Thsd=3;
  11          
  12          unsigned char Table[]={0xc0, 0xf9, 0xa4, 0xb0, 0x99, 0x92, 0x82, 0xf8, 0x80, 0x90};
  13          void display();
  14          
  15          void main()
  16          {
  17   1       while(1)
  18   1         {
  19   2               display();
  20   2         }
  21   1      }
  22          
  23          void display()
  24          {
  25   1      seg_port = Table[Unit];
  26   1      Unittr=0;
  27   1      Unittr=1;
  28   1      
  29   1      seg_port = Table[Tens];
  30   1      Tenstr=0;
  31   1      Tenstr=1;
  32   1      
  33   1      seg_port = Table[Hund];
  34   1      Hundtr=0;
  35   1      Hundtr=1;
  36   1      
  37   1      seg_port = Table[Thsd];
  38   1      Thsdtr=0;
  39   1      Thsdtr=1;
  40   1      
  41   1      
  42   1      }


MODULE INFORMATION:   STATIC OVERLAYABLE
   CODE SIZE        =     54    ----
   CONSTANT SIZE    =   ----    ----
   XDATA SIZE       =   ----    ----
   PDATA SIZE       =   ----    ----
   DATA SIZE        =     14    ----
   IDATA SIZE       =   ----    ----
   BIT SIZE         =   ----    ----
END OF MODULE INFORMATION.


C51 COMPILATION COMPLETE.  0 WARNING(S),  0 ERROR(S)
