C51 COMPILER V8.16   MAIN                                                                  04/02/2017 11:14:37 PAGE 1   


C51 COMPILER V8.16, COMPILATION OF MODULE MAIN
OBJECT MODULE PLACED IN main.OBJ
COMPILER INVOKED BY: C:\Keil\C51\BIN\C51.EXE main.c BROWSE DEBUG OBJECTEXTEND

line level    source

   1          #include<reg51.h>
   2          
   3          #define LedPort P0
   4          sbit LedPwrTrans=P1^4;
   5          delay();
   6          void main()
   7          {
   8   1      LedPwrTrans=0;
   9   1      
  10   1      while(1)
  11   1       {LedPort=0x0F;
  12   2        delay();
  13   2        LedPort=0xF0;
  14   2        delay();
  15   2        }
  16   1      }
  17          delay()
  18          {  
  19   1      int i;
  20   1      for(i=0; i<32700; i++);
  21   1      }


MODULE INFORMATION:   STATIC OVERLAYABLE
   CODE SIZE        =     31    ----
   CONSTANT SIZE    =   ----    ----
   XDATA SIZE       =   ----    ----
   PDATA SIZE       =   ----    ----
   DATA SIZE        =   ----    ----
   IDATA SIZE       =   ----    ----
   BIT SIZE         =   ----    ----
END OF MODULE INFORMATION.


C51 COMPILATION COMPLETE.  0 WARNING(S),  0 ERROR(S)
