C51 COMPILER V8.16   MAIN                                                                  04/22/2017 12:38:20 PAGE 1   


C51 COMPILER V8.16, COMPILATION OF MODULE MAIN
OBJECT MODULE PLACED IN main.OBJ
COMPILER INVOKED BY: C:\Keil\C51\BIN\C51.EXE main.c BROWSE DEBUG OBJECTEXTEND

line level    source

   1          #include <REGX51.H>
   2          
   3          #define seg_port P0
   4          
   5          sbit Unittr = P2^0;
   6          sbit Tenstr = P2^1;
   7          sbit Hundtr = P2^2;
   8          sbit Thsdtr = P2^3;
   9          
  10          sbit R1=P1^0;
  11          sbit R2=P1^1;
  12          sbit R3=P1^2;
  13          sbit R4=P1^3;
  14          sbit C1=P1^5;
  15          sbit C2=P1^6;
  16          sbit C3=P1^7;
  17          
  18          unsigned char Unit, Tens, Hund, Thsd;
  19          unsigned int keyno, key, flag;
  20          
  21          unsigned char Table[]={0xc0, 0xf9, 0xa4, 0xb0, 0x99, 0x92, 0x82, 0xf8, 0x80, 0x90};
  22          void display();
  23          int keycheck();
  24          void keyaction(int);
  25          
  26          void main()
  27          {
  28   1       while(1)
  29   1         {
  30   2           key=keycheck();
  31   2               
  32   2               keyaction(key);
  33   2               display();
  34   2         }
  35   1      }
  36          
  37          void display()
  38          {
  39   1        seg_port = Table[Unit];
  40   1        Unittr = 0;
  41   1        Unittr = 1;
  42   1      
  43   1        seg_port = Table[Tens];
  44   1        Tenstr = 0;
  45   1        Tenstr = 1;
  46   1      
  47   1        seg_port = Table[Hund];
  48   1        Hundtr = 0;
  49   1        Hundtr = 1;
  50   1      
  51   1        seg_port = Table[Thsd];
  52   1        Thsdtr = 0;
  53   1        Thsdtr = 1;
  54   1      
  55   1      }
C51 COMPILER V8.16   MAIN                                                                  04/22/2017 12:38:20 PAGE 2   

  56          
  57          int keycheck()
  58          {
  59   1      C1=1;
  60   1      C2=1;
  61   1      C3=1;
  62   1        keyno=100;
  63   1      C1=0;
  64   1        if(R1==0)
  65   1        {
  66   2          keyno=1;
  67   2        }
  68   1        if(R2==0)
  69   1        {
  70   2          keyno=2;
  71   2        }
  72   1        if(R3==0)
  73   1         keyno=3;
  74   1      
  75   1         if(R4==0)
  76   1          keyno=10;
  77   1      
  78   1      C1=1;
  79   1      C2=0;
  80   1          if(R1==0)
  81   1        {
  82   2          keyno=4;
  83   2        }
  84   1        if(R2==0)
  85   1        {
  86   2          keyno=5;
  87   2         }
  88   1         if(R3==0)
  89   1         keyno=6;
  90   1      if(R4==0)
  91   1          keyno=11;
  92   1      
  93   1      C2=1;
  94   1      C3=0;
  95   1        if(R1==0)
  96   1        {
  97   2          keyno=7;
  98   2        }
  99   1        if(R2==0)
 100   1        {
 101   2          keyno=8;
 102   2              }
 103   1              if(R3==0)
 104   1         keyno=9; 
 105   1         if(R4==0)
 106   1          keyno=12; 
 107   1      C3=1;
 108   1      return keyno;
 109   1      
 110   1      }
 111          
 112          
 113          void keyaction(int key)
 114          {
 115   1              if(keyno==100)
 116   1              flag=1;
 117   1                      
C51 COMPILER V8.16   MAIN                                                                  04/22/2017 12:38:20 PAGE 3   

 118   1                      else if(flag==1){
 119   2                       flag=0;
 120   2                       
 121   2                        if(key<10){
 122   3                              Thsd=Hund;
 123   3                              Hund=Tens;
 124   3                              Tens=Unit;
 125   3                              Unit=key;
 126   3                       }
 127   2                        
 128   2                        else {
 129   3                                       Thsd=Tens;
 130   3                                       Hund=Unit;
 131   3                                       Unit=key%10;
 132   3                                       Tens=key/10;
 133   3                        
 134   3                                      }
 135   2      
 136   2                      }
 137   1              
 138   1      }


MODULE INFORMATION:   STATIC OVERLAYABLE
   CODE SIZE        =    287    ----
   CONSTANT SIZE    =   ----    ----
   XDATA SIZE       =   ----    ----
   PDATA SIZE       =   ----    ----
   DATA SIZE        =     20    ----
   IDATA SIZE       =   ----    ----
   BIT SIZE         =   ----    ----
END OF MODULE INFORMATION.


C51 COMPILATION COMPLETE.  0 WARNING(S),  0 ERROR(S)
