C51 COMPILER V8.16   MAIN                                                                  04/02/2017 11:39:53 PAGE 1   


C51 COMPILER V8.16, COMPILATION OF MODULE MAIN
OBJECT MODULE PLACED IN main.OBJ
COMPILER INVOKED BY: C:\Keil\C51\BIN\C51.EXE main.c BROWSE DEBUG OBJECTEXTEND

line level    source

   1          #include <REGX51.H>
   2          
   3          #define LedPort P0
   4          
   5          sbit LedPwrTrans=P1^4;
   6          
   7          void delay()
   8          {
   9   1      int i;
  10   1        for(i=0;i<20000;i++);
  11   1      //  for(j;j<100;j++);
  12   1      }
  13          
  14          void main()
  15          {
  16   1      LedPwrTrans = 0;
  17   1      
  18   1      while(1)
  19   1        {
  20   2          LedPort=0xFF;
  21   2              delay();
  22   2              LedPort=0x00;
  23   2              delay();
  24   2              }
  25   1      }


MODULE INFORMATION:   STATIC OVERLAYABLE
   CODE SIZE        =     31    ----
   CONSTANT SIZE    =   ----    ----
   XDATA SIZE       =   ----    ----
   PDATA SIZE       =   ----    ----
   DATA SIZE        =   ----    ----
   IDATA SIZE       =   ----    ----
   BIT SIZE         =   ----    ----
END OF MODULE INFORMATION.


C51 COMPILATION COMPLETE.  0 WARNING(S),  0 ERROR(S)
