C51 COMPILER V8.16   LED                                                                   06/20/2017 10:59:32 PAGE 1   


C51 COMPILER V8.16, COMPILATION OF MODULE LED
OBJECT MODULE PLACED IN led.OBJ
COMPILER INVOKED BY: C:\Keil\C51\BIN\C51.EXE led.c BROWSE DEBUG OBJECTEXTEND

line level    source

   1          #include <REGX52.H>
   2          #define ledport P0
   3          #define adcport P0
   4          
   5          sbit ledpwrtr= P1^4;
   6          sbit add_a= P3^6;
   7          sbit add_b= P3^7;
   8          sbit ale= P3^2;
   9          sbit eoc= P3^3;
  10          sbit clock= P3^4;
  11          sbit oe= P3^5;
  12          void adc_init();
  13          void delay();
  14          void main()
  15          {
  16   1      adc_init();
  17   1      ledpwrtr=0;
  18   1      while(1)
  19   1      {
  20   2              clock=1;
  21   2              add_a=0;
  22   2              add_b=0;
  23   2              clock=0;
  24   2              ale=1;
  25   2              clock=1;
  26   2              delay();
  27   2              clock=0;
  28   2              ale=0;
  29   2              clock=1;
  30   2              delay();
  31   2              while(eoc==1)
  32   2              {
  33   3                      clock=0;
  34   3                      clock=1;
  35   3              }
  36   2              while(eoc==0)
  37   2              {
  38   3                      clock=0; 
  39   3                      clock=1;
  40   3              } 
  41   2              adcport=0xff;
  42   2              clock=0;
  43   2              oe=1;
  44   2              clock=1;
  45   2              ledport=~adcport;
  46   2              oe=0;
  47   2              clock=0;
  48   2      
  49   2      
  50   2      }
  51   1      
  52   1      }
  53          
  54          void adc_init()
  55          {
C51 COMPILER V8.16   LED                                                                   06/20/2017 10:59:32 PAGE 2   

  56   1              ale=0;
  57   1              oe=0;
  58   1              eoc=0;
  59   1      
  60   1      }
  61          void delay()
  62          {
  63   1      int i;
  64   1      for(i=0;i<1000;i++);
  65   1      }


MODULE INFORMATION:   STATIC OVERLAYABLE
   CODE SIZE        =     87    ----
   CONSTANT SIZE    =   ----    ----
   XDATA SIZE       =   ----    ----
   PDATA SIZE       =   ----    ----
   DATA SIZE        =   ----    ----
   IDATA SIZE       =   ----    ----
   BIT SIZE         =   ----    ----
END OF MODULE INFORMATION.


C51 COMPILATION COMPLETE.  0 WARNING(S),  0 ERROR(S)
