C51 COMPILER V8.16   MAIN                                                                  04/04/2017 21:06:01 PAGE 1   


C51 COMPILER V8.16, COMPILATION OF MODULE MAIN
OBJECT MODULE PLACED IN main.OBJ
COMPILER INVOKED BY: C:\Keil\C51\BIN\C51.EXE main.c BROWSE DEBUG OBJECTEXTEND

line level    source

   1          #include<regx51.h>
   2          
   3          #define LedPort P0
   4          sbit PwrTrans=P1^4;
   5          sbit R1=P1^0;
   6          sbit R2=P1^1;
   7          sbit R3=P1^2;
   8          sbit R4=P1^3;
   9          sbit C1=P1^5;
  10          sbit C2=P1^6;
  11          sbit C3=P1^7;
  12          
  13          void keycheck();
  14          
  15          void keyaction();
  16          unsigned int keyno;
  17          void main()
  18          {
  19   1      PwrTrans=0;
  20   1      while(1)
  21   1      {
  22   2      keycheck();
  23   2      keyaction();
  24   2      }
  25   1      }
  26          
  27          void keycheck()
  28          {
  29   1      C1=1;
  30   1      C2=1;
  31   1      C3=1;
  32   1      
  33   1      C1=0;
  34   1        if(R1==0)
  35   1        {
  36   2          keyno=0x07;
  37   2        }
  38   1        if(R2==0)
  39   1        {
  40   2          keyno=0x3f;
  41   2        }
  42   1      
  43   1      C1=1;
  44   1      C2=0;
  45   1          if(R1==0)
  46   1        {
  47   2          keyno=0x03;
  48   2        }
  49   1        if(R2==0)
  50   1        {
  51   2          keyno=0x1f;
  52   2         }
  53   1      C2=1;
  54   1      C3=0;
  55   1        if(R1==0)
C51 COMPILER V8.16   MAIN                                                                  04/04/2017 21:06:01 PAGE 2   

  56   1        {
  57   2          keyno=0x01;
  58   2        }
  59   1        if(R2==0)
  60   1        {
  61   2          keyno=0x0f;
  62   2              }  
  63   1      C3=1;
  64   1      }
  65          
  66          void keyaction()
  67          {
  68   1      LedPort=~keyno;
  69   1      }
  70          
  71          
  72          


MODULE INFORMATION:   STATIC OVERLAYABLE
   CODE SIZE        =     89    ----
   CONSTANT SIZE    =   ----    ----
   XDATA SIZE       =   ----    ----
   PDATA SIZE       =   ----    ----
   DATA SIZE        =      2    ----
   IDATA SIZE       =   ----    ----
   BIT SIZE         =   ----    ----
END OF MODULE INFORMATION.


C51 COMPILATION COMPLETE.  0 WARNING(S),  0 ERROR(S)
